<?xml version="1.0" encoding="UTF-8"?>
<testsuite xmlns:xsi="http://www.w3.org/2001/XMLSchema-instance" xsi:noNamespaceSchemaLocation="https://maven.apache.org/surefire/maven-surefire-plugin/xsd/surefire-test-report.xsd" name="memoryunittest.MemoryTests" time="0.23" tests="39" errors="0" skipped="0" failures="0">
  <properties>
[...]
</properties>
  <testcase name="checkForLoseTest" classname="memoryunittest.MemoryTests" time="0.067"/>
  <testcase name="playerTurnsCardWhichIsTurnedTest" classname="memoryunittest.MemoryTests" time="0.001"/>
  <testcase name="turnCardsOnAllSpacesCompleteTest" classname="memoryunittest.MemoryTests" time="0.001"/>
  <testcase name="LoginOneWrongOneCorrect" classname="memoryunittest.MemoryTests" time="0.021"/>
  <testcase name="getPlayerInGameSecondTest" classname="memoryunittest.MemoryTests" time="0"/>
  <testcase name="cardsDontMatchTest" classname="memoryunittest.MemoryTests" time="0.047"/>
  <testcase name="saveResultAfterLoseTest" classname="memoryunittest.MemoryTests" time="0"/>
  <testcase name="joinGamePlayerDoesntExistTest" classname="memoryunittest.MemoryTests" time="0.002"/>
  <testcase name="getPlayerInGameFailedTest" classname="memoryunittest.MemoryTests" time="0.003"/>
  <testcase name="startGameTest" classname="memoryunittest.MemoryTests" time="0.002"/>
  <testcase name="registerUserUsernameExists" classname="memoryunittest.MemoryTests" time="0"/>
  <testcase name="cardsMatchTest" classname="memoryunittest.MemoryTests" time="0"/>
  <testcase name="loginPlayerWrongPassword" classname="memoryunittest.MemoryTests" time="0.001"/>
  <testcase name="getPlayerBySessionIdTestFailed" classname="memoryunittest.MemoryTests" time="0.001"/>
  <testcase name="checkForDrawTest" classname="memoryunittest.MemoryTests" time="0"/>
  <testcase name="playerTurnsCardTest" classname="memoryunittest.MemoryTests" time="0.005"/>
  <testcase name="loginPlayerCorrectValues" classname="memoryunittest.MemoryTests" time="0.001"/>
  <testcase name="startGameFailedTest" classname="memoryunittest.MemoryTests" time="0.001"/>
  <testcase name="saveResultAfterDrawTest" classname="memoryunittest.MemoryTests" time="0.001"/>
  <testcase name="checkForDrawFalseTest" classname="memoryunittest.MemoryTests" time="0.002"/>
  <testcase name="usernameIsAvailable" classname="memoryunittest.MemoryTests" time="0.002"/>
  <testcase name="checkForWinTest" classname="memoryunittest.MemoryTests" time="0"/>
  <testcase name="getPlayerInGameTest" classname="memoryunittest.MemoryTests" time="0"/>
  <testcase name="turnCardCompleteTest" classname="memoryunittest.MemoryTests" time="0.001"/>
  <testcase name="getGameTest" classname="memoryunittest.MemoryTests" time="0"/>
  <testcase name="gameIdTest" classname="memoryunittest.MemoryTests" time="0.001"/>
  <testcase name="usernameIsNotAvailable" classname="memoryunittest.MemoryTests" time="0"/>
  <testcase name="saveResultAfterWinTest" classname="memoryunittest.MemoryTests" time="0.001"/>
  <testcase name="joinGameFailedTest" classname="memoryunittest.MemoryTests" time="0"/>
  <testcase name="loginPlayerWrongUsernameAndPassword" classname="memoryunittest.MemoryTests" time="0"/>
  <testcase name="getGameDoesNotExistTest" classname="memoryunittest.MemoryTests" time="0.001"/>
  <testcase name="registerUserSuccess" classname="memoryunittest.MemoryTests" time="0.001"/>
  <testcase name="joinGameTest" classname="memoryunittest.MemoryTests" time="0"/>
  <testcase name="getOpponentTest" classname="memoryunittest.MemoryTests" time="0"/>
  <testcase name="loginPlayerWrongUsername" classname="memoryunittest.MemoryTests" time="0.002"/>
  <testcase name="loginTwoPlayersCorrectValues" classname="memoryunittest.MemoryTests" time="0"/>
  <testcase name="usernameIsNotAvailable2" classname="memoryunittest.MemoryTests" time="0.001"/>
  <testcase name="getPlayerBySessionIdTest" classname="memoryunittest.MemoryTests" time="0"/>
  <testcase name="playerTurnsCardWhileGameNotStartedTest" classname="memoryunittest.MemoryTests" time="0"/>
</testsuite>